# JRE version: 7.0_11-b21
# Java VM: Java HotSpot(TM) Client VM (23.6-b04 mixed mode windows-x86 )
Heap
 def new generation   total 4928K, used 282K [0x0f010000, 0x0f560000, 0x14560000)
  eden space 4416K,   6% used [0x0f010000, 0x0f055408, 0x0f460000)
  from space 512K,   1% used [0x0f4e0000, 0x0f4e14b0, 0x0f560000)
  to   space 512K,   0% used [0x0f460000, 0x0f460000, 0x0f4e0000)
 tenured generation   total 10944K, used 1621K [0x14560000, 0x15010000, 0x1f010000)
   the space 10944K,  14% used [0x14560000, 0x146f55d8, 0x146f5600, 0x15010000)
 compacting perm gen  total 12288K, used 3862K [0x1f010000, 0x1fc10000, 0x23010000)
   the space 12288K,  31% used [0x1f010000, 0x1f3d58c0, 0x1f3d5a00, 0x1fc10000)
GC Heap History (10 events):
Event: 94.386 GC heap before
{Heap before GC invocations=10 (full 0):
 def new generation   total 4928K, used 4420K [0x0f010000, 0x0f560000, 0x14560000)
  eden space 4416K, 100% used [0x0f010000, 0x0f460000, 0x0f460000)
  from space 512K,   0% used [0x0f460000, 0x0f4612b8, 0x0f4e0000)
  to   space 512K,   0% used [0x0f4e0000, 0x0f4e0000, 0x0f560000)
 tenured generation   total 10944K, used 1621K [0x14560000, 0x15010000, 0x1f010000)
   the space 10944K,  14% used [0x14560000, 0x146f55d8, 0x146f5600, 0x15010000)
 compacting perm gen  total 12288K, used 3862K [0x1f010000, 0x1fc10000, 0x23010000)
   the space 12288K,  31% used [0x1f010000, 0x1f3d58c0, 0x1f3d5a00, 0x1fc10000)
No shared spaces configured.
Event: 94.386 GC heap after
Heap after GC invocations=11 (full 0):
 def new generation   total 4928K, used 4K [0x0f010000, 0x0f560000, 0x14560000)
  eden space 4416K,   0% used [0x0f010000, 0x0f010000, 0x0f460000)
  from space 512K,   0% used [0x0f4e0000, 0x0f4e1348, 0x0f560000)
  to   space 512K,   0% used [0x0f460000, 0x0f460000, 0x0f4e0000)
 tenured generation   total 10944K, used 1621K [0x14560000, 0x15010000, 0x1f010000)
   the space 10944K,  14% used [0x14560000, 0x146f55d8, 0x146f5600, 0x15010000)
 compacting perm gen  total 12288K, used 3862K [0x1f010000, 0x1fc10000, 0x23010000)
   the space 12288K,  31% used [0x1f010000, 0x1f3d58c0, 0x1f3d5a00, 0x1fc10000)
No shared spaces configured.
}
Event: 105.447 GC heap before
{Heap before GC invocations=11 (full 0):
 def new generation   total 4928K, used 4420K [0x0f010000, 0x0f560000, 0x14560000)
  eden space 4416K, 100% used [0x0f010000, 0x0f460000, 0x0f460000)
  from space 512K,   0% used [0x0f4e0000, 0x0f4e1348, 0x0f560000)
  to   space 512K,   0% used [0x0f460000, 0x0f460000, 0x0f4e0000)
 tenured generation   total 10944K, used 1621K [0x14560000, 0x15010000, 0x1f010000)
   the space 10944K,  14% used [0x14560000, 0x146f55d8, 0x146f5600, 0x15010000)
 compacting perm gen  total 12288K, used 3862K [0x1f010000, 0x1fc10000, 0x23010000)
   the space 12288K,  31% used [0x1f010000, 0x1f3d58c0, 0x1f3d5a00, 0x1fc10000)
No shared spaces configured.
Event: 105.448 GC heap after
Heap after GC invocations=12 (full 0):
 def new generation   total 4928K, used 4K [0x0f010000, 0x0f560000, 0x14560000)
  eden space 4416K,   0% used [0x0f010000, 0x0f010000, 0x0f460000)
  from space 512K,   0% used [0x0f460000, 0x0f461348, 0x0f4e0000)
  to   space 512K,   0% used [0x0f4e0000, 0x0f4e0000, 0x0f560000)
 tenured generation   total 10944K, used 1621K [0x14560000, 0x15010000, 0x1f010000)
   the space 10944K,  14% used [0x14560000, 0x146f55d8, 0x146f5600, 0x15010000)
 compacting perm gen  total 12288K, used 3862K [0x1f010000, 0x1fc10000, 0x23010000)
   the space 12288K,  31% used [0x1f010000, 0x1f3d58c0, 0x1f3d5a00, 0x1fc10000)
No shared spaces configured.
}
Event: 112.070 GC heap before
{Heap before GC invocations=12 (full 0):
 def new generation   total 4928K, used 4420K [0x0f010000, 0x0f560000, 0x14560000)
  eden space 4416K, 100% used [0x0f010000, 0x0f460000, 0x0f460000)
  from space 512K,   0% used [0x0f460000, 0x0f461348, 0x0f4e0000)
  to   space 512K,   0% used [0x0f4e0000, 0x0f4e0000, 0x0f560000)
 tenured generation   total 10944K, used 1621K [0x14560000, 0x15010000, 0x1f010000)
   the space 10944K,  14% used [0x14560000, 0x146f55d8, 0x146f5600, 0x15010000)
 compacting perm gen  total 12288K, used 3862K [0x1f010000, 0x1fc10000, 0x23010000)
   the space 12288K,  31% used [0x1f010000, 0x1f3d58c0, 0x1f3d5a00, 0x1fc10000)
No shared spaces configured.
Event: 112.071 GC heap after
Heap after GC invocations=13 (full 0):
 def new generation   total 4928K, used 5K [0x0f010000, 0x0f560000, 0x14560000)
  eden space 4416K,   0% used [0x0f010000, 0x0f010000, 0x0f460000)
  from space 512K,   0% used [0x0f4e0000, 0x0f4e1438, 0x0f560000)
  to   space 512K,   0% used [0x0f460000, 0x0f460000, 0x0f4e0000)
 tenured generation   total 10944K, used 1621K [0x14560000, 0x15010000, 0x1f010000)
   the space 10944K,  14% used [0x14560000, 0x146f55d8, 0x146f5600, 0x15010000)
 compacting perm gen  total 12288K, used 3862K [0x1f010000, 0x1fc10000, 0x23010000)
   the space 12288K,  31% used [0x1f010000, 0x1f3d58c0, 0x1f3d5a00, 0x1fc10000)
No shared spaces configured.
}
Event: 120.057 GC heap before
{Heap before GC invocations=13 (full 0):
 def new generation   total 4928K, used 4421K [0x0f010000, 0x0f560000, 0x14560000)
  eden space 4416K, 100% used [0x0f010000, 0x0f460000, 0x0f460000)
  from space 512K,   0% used [0x0f4e0000, 0x0f4e1438, 0x0f560000)
  to   space 512K,   0% used [0x0f460000, 0x0f460000, 0x0f4e0000)
 tenured generation   total 10944K, used 1621K [0x14560000, 0x15010000, 0x1f010000)
   the space 10944K,  14% used [0x14560000, 0x146f55d8, 0x146f5600, 0x15010000)
 compacting perm gen  total 12288K, used 3862K [0x1f010000, 0x1fc10000, 0x23010000)
   the space 12288K,  31% used [0x1f010000, 0x1f3d58c0, 0x1f3d5a00, 0x1fc10000)
No shared spaces configured.
Event: 120.058 GC heap after
Heap after GC invocations=14 (full 0):
 def new generation   total 4928K, used 5K [0x0f010000, 0x0f560000, 0x14560000)
  eden space 4416K,   0% used [0x0f010000, 0x0f010000, 0x0f460000)
  from space 512K,   1% used [0x0f460000, 0x0f4614b0, 0x0f4e0000)
  to   space 512K,   0% used [0x0f4e0000, 0x0f4e0000, 0x0f560000)
 tenured generation   total 10944K, used 1621K [0x14560000, 0x15010000, 0x1f010000)
   the space 10944K,  14% used [0x14560000, 0x146f55d8, 0x146f5600, 0x15010000)
 compacting perm gen  total 12288K, used 3862K [0x1f010000, 0x1fc10000, 0x23010000)
   the space 12288K,  31% used [0x1f010000, 0x1f3d58c0, 0x1f3d5a00, 0x1fc10000)
No shared spaces configured.
}
Event: 133.100 GC heap before
{Heap before GC invocations=14 (full 0):
 def new generation   total 4928K, used 4421K [0x0f010000, 0x0f560000, 0x14560000)
  eden space 4416K, 100% used [0x0f010000, 0x0f460000, 0x0f460000)
  from space 512K,   1% used [0x0f460000, 0x0f4614b0, 0x0f4e0000)
  to   space 512K,   0% used [0x0f4e0000, 0x0f4e0000, 0x0f560000)
 tenured generation   total 10944K, used 1621K [0x14560000, 0x15010000, 0x1f010000)
   the space 10944K,  14% used [0x14560000, 0x146f55d8, 0x146f5600, 0x15010000)
 compacting perm gen  total 12288K, used 3862K [0x1f010000, 0x1fc10000, 0x23010000)
   the space 12288K,  31% used [0x1f010000, 0x1f3d58c0, 0x1f3d5a00, 0x1fc10000)
No shared spaces configured.
Event: 133.100 GC heap after
Heap after GC invocations=15 (full 0):
 def new generation   total 4928K, used 5K [0x0f010000, 0x0f560000, 0x14560000)
  eden space 4416K,   0% used [0x0f010000, 0x0f010000, 0x0f460000)
  from space 512K,   1% used [0x0f4e0000, 0x0f4e14b0, 0x0f560000)
  to   space 512K,   0% used [0x0f460000, 0x0f460000, 0x0f4e0000)
 tenured generation   total 10944K, used 1621K [0x14560000, 0x15010000, 0x1f010000)
   the space 10944K,  14% used [0x14560000, 0x146f55d8, 0x146f5600, 0x15010000)
 compacting perm gen  total 12288K, used 3862K [0x1f010000, 0x1fc10000, 0x23010000)
   the space 12288K,  31% used [0x1f010000, 0x1f3d58c0, 0x1f3d5a00, 0x1fc10000)
No shared spaces configured.
}

