# JRE version: 7.0_11-b21
# Java VM: Java HotSpot(TM) Client VM (23.6-b04 mixed mode windows-x86 )
Heap
 def new generation   total 4928K, used 3610K [0x0f010000, 0x0f560000, 0x14560000)
  eden space 4416K,  81% used [0x0f010000, 0x0f3924d0, 0x0f460000)
  from space 512K,   3% used [0x0f4e0000, 0x0f4e4378, 0x0f560000)
  to   space 512K,   0% used [0x0f460000, 0x0f460000, 0x0f4e0000)
 tenured generation   total 10944K, used 1780K [0x14560000, 0x15010000, 0x1f010000)
   the space 10944K,  16% used [0x14560000, 0x1471d268, 0x1471d400, 0x15010000)
 compacting perm gen  total 12288K, used 4032K [0x1f010000, 0x1fc10000, 0x23010000)
   the space 12288K,  32% used [0x1f010000, 0x1f4003b8, 0x1f400400, 0x1fc10000)
GC Heap History (10 events):
Event: 96.966 GC heap before
{Heap before GC invocations=38 (full 0):
 def new generation   total 4928K, used 4433K [0x0f010000, 0x0f560000, 0x14560000)
  eden space 4416K, 100% used [0x0f010000, 0x0f460000, 0x0f460000)
  from space 512K,   3% used [0x0f460000, 0x0f464470, 0x0f4e0000)
  to   space 512K,   0% used [0x0f4e0000, 0x0f4e0000, 0x0f560000)
 tenured generation   total 10944K, used 1780K [0x14560000, 0x15010000, 0x1f010000)
   the space 10944K,  16% used [0x14560000, 0x1471d1f0, 0x1471d200, 0x15010000)
 compacting perm gen  total 12288K, used 4032K [0x1f010000, 0x1fc10000, 0x23010000)
   the space 12288K,  32% used [0x1f010000, 0x1f4003b8, 0x1f400400, 0x1fc10000)
No shared spaces configured.
Event: 96.967 GC heap after
Heap after GC invocations=39 (full 0):
 def new generation   total 4928K, used 17K [0x0f010000, 0x0f560000, 0x14560000)
  eden space 4416K,   0% used [0x0f010000, 0x0f010000, 0x0f460000)
  from space 512K,   3% used [0x0f4e0000, 0x0f4e4470, 0x0f560000)
  to   space 512K,   0% used [0x0f460000, 0x0f460000, 0x0f4e0000)
 tenured generation   total 10944K, used 1780K [0x14560000, 0x15010000, 0x1f010000)
   the space 10944K,  16% used [0x14560000, 0x1471d1f0, 0x1471d200, 0x15010000)
 compacting perm gen  total 12288K, used 4032K [0x1f010000, 0x1fc10000, 0x23010000)
   the space 12288K,  32% used [0x1f010000, 0x1f4003b8, 0x1f400400, 0x1fc10000)
No shared spaces configured.
}
Event: 99.069 GC heap before
{Heap before GC invocations=39 (full 0):
 def new generation   total 4928K, used 4433K [0x0f010000, 0x0f560000, 0x14560000)
  eden space 4416K, 100% used [0x0f010000, 0x0f460000, 0x0f460000)
  from space 512K,   3% used [0x0f4e0000, 0x0f4e4470, 0x0f560000)
  to   space 512K,   0% used [0x0f460000, 0x0f460000, 0x0f4e0000)
 tenured generation   total 10944K, used 1780K [0x14560000, 0x15010000, 0x1f010000)
   the space 10944K,  16% used [0x14560000, 0x1471d1f0, 0x1471d200, 0x15010000)
 compacting perm gen  total 12288K, used 4032K [0x1f010000, 0x1fc10000, 0x23010000)
   the space 12288K,  32% used [0x1f010000, 0x1f4003b8, 0x1f400400, 0x1fc10000)
No shared spaces configured.
Event: 99.069 GC heap after
Heap after GC invocations=40 (full 0):
 def new generation   total 4928K, used 17K [0x0f010000, 0x0f560000, 0x14560000)
  eden space 4416K,   0% used [0x0f010000, 0x0f010000, 0x0f460000)
  from space 512K,   3% used [0x0f460000, 0x0f464458, 0x0f4e0000)
  to   space 512K,   0% used [0x0f4e0000, 0x0f4e0000, 0x0f560000)
 tenured generation   total 10944K, used 1780K [0x14560000, 0x15010000, 0x1f010000)
   the space 10944K,  16% used [0x14560000, 0x1471d1f0, 0x1471d200, 0x15010000)
 compacting perm gen  total 12288K, used 4032K [0x1f010000, 0x1fc10000, 0x23010000)
   the space 12288K,  32% used [0x1f010000, 0x1f4003b8, 0x1f400400, 0x1fc10000)
No shared spaces configured.
}
Event: 101.341 GC heap before
{Heap before GC invocations=40 (full 0):
 def new generation   total 4928K, used 4433K [0x0f010000, 0x0f560000, 0x14560000)
  eden space 4416K, 100% used [0x0f010000, 0x0f460000, 0x0f460000)
  from space 512K,   3% used [0x0f460000, 0x0f464458, 0x0f4e0000)
  to   space 512K,   0% used [0x0f4e0000, 0x0f4e0000, 0x0f560000)
 tenured generation   total 10944K, used 1780K [0x14560000, 0x15010000, 0x1f010000)
   the space 10944K,  16% used [0x14560000, 0x1471d1f0, 0x1471d200, 0x15010000)
 compacting perm gen  total 12288K, used 4032K [0x1f010000, 0x1fc10000, 0x23010000)
   the space 12288K,  32% used [0x1f010000, 0x1f4003b8, 0x1f400400, 0x1fc10000)
No shared spaces configured.
Event: 101.342 GC heap after
Heap after GC invocations=41 (full 0):
 def new generation   total 4928K, used 17K [0x0f010000, 0x0f560000, 0x14560000)
  eden space 4416K,   0% used [0x0f010000, 0x0f010000, 0x0f460000)
  from space 512K,   3% used [0x0f4e0000, 0x0f4e4458, 0x0f560000)
  to   space 512K,   0% used [0x0f460000, 0x0f460000, 0x0f4e0000)
 tenured generation   total 10944K, used 1780K [0x14560000, 0x15010000, 0x1f010000)
   the space 10944K,  16% used [0x14560000, 0x1471d1f0, 0x1471d200, 0x15010000)
 compacting perm gen  total 12288K, used 4032K [0x1f010000, 0x1fc10000, 0x23010000)
   the space 12288K,  32% used [0x1f010000, 0x1f4003b8, 0x1f400400, 0x1fc10000)
No shared spaces configured.
}
Event: 104.353 GC heap before
{Heap before GC invocations=41 (full 0):
 def new generation   total 4928K, used 4433K [0x0f010000, 0x0f560000, 0x14560000)
  eden space 4416K, 100% used [0x0f010000, 0x0f460000, 0x0f460000)
  from space 512K,   3% used [0x0f4e0000, 0x0f4e4458, 0x0f560000)
  to   space 512K,   0% used [0x0f460000, 0x0f460000, 0x0f4e0000)
 tenured generation   total 10944K, used 1780K [0x14560000, 0x15010000, 0x1f010000)
   the space 10944K,  16% used [0x14560000, 0x1471d1f0, 0x1471d200, 0x15010000)
 compacting perm gen  total 12288K, used 4032K [0x1f010000, 0x1fc10000, 0x23010000)
   the space 12288K,  32% used [0x1f010000, 0x1f4003b8, 0x1f400400, 0x1fc10000)
No shared spaces configured.
Event: 104.354 GC heap after
Heap after GC invocations=42 (full 0):
 def new generation   total 4928K, used 16K [0x0f010000, 0x0f560000, 0x14560000)
  eden space 4416K,   0% used [0x0f010000, 0x0f010000, 0x0f460000)
  from space 512K,   3% used [0x0f460000, 0x0f4643f8, 0x0f4e0000)
  to   space 512K,   0% used [0x0f4e0000, 0x0f4e0000, 0x0f560000)
 tenured generation   total 10944K, used 1780K [0x14560000, 0x15010000, 0x1f010000)
   the space 10944K,  16% used [0x14560000, 0x1471d268, 0x1471d400, 0x15010000)
 compacting perm gen  total 12288K, used 4032K [0x1f010000, 0x1fc10000, 0x23010000)
   the space 12288K,  32% used [0x1f010000, 0x1f4003b8, 0x1f400400, 0x1fc10000)
No shared spaces configured.
}
Event: 107.532 GC heap before
{Heap before GC invocations=42 (full 0):
 def new generation   total 4928K, used 4432K [0x0f010000, 0x0f560000, 0x14560000)
  eden space 4416K, 100% used [0x0f010000, 0x0f460000, 0x0f460000)
  from space 512K,   3% used [0x0f460000, 0x0f4643f8, 0x0f4e0000)
  to   space 512K,   0% used [0x0f4e0000, 0x0f4e0000, 0x0f560000)
 tenured generation   total 10944K, used 1780K [0x14560000, 0x15010000, 0x1f010000)
   the space 10944K,  16% used [0x14560000, 0x1471d268, 0x1471d400, 0x15010000)
 compacting perm gen  total 12288K, used 4032K [0x1f010000, 0x1fc10000, 0x23010000)
   the space 12288K,  32% used [0x1f010000, 0x1f4003b8, 0x1f400400, 0x1fc10000)
No shared spaces configured.
Event: 107.533 GC heap after
Heap after GC invocations=43 (full 0):
 def new generation   total 4928K, used 16K [0x0f010000, 0x0f560000, 0x14560000)
  eden space 4416K,   0% used [0x0f010000, 0x0f010000, 0x0f460000)
  from space 512K,   3% used [0x0f4e0000, 0x0f4e4378, 0x0f560000)
  to   space 512K,   0% used [0x0f460000, 0x0f460000, 0x0f4e0000)
 tenured generation   total 10944K, used 1780K [0x14560000, 0x15010000, 0x1f010000)
   the space 10944K,  16% used [0x14560000, 0x1471d268, 0x1471d400, 0x15010000)
 compacting perm gen  total 12288K, used 4032K [0x1f010000, 0x1fc10000, 0x23010000)
   the space 12288K,  32% used [0x1f010000, 0x1f4003b8, 0x1f400400, 0x1fc10000)
No shared spaces configured.
}

